Using pre-set license
Built from '2020.3/staging' branch; Version is '2020.3.11f1 (99c7afb366b3) revision 10078127'; Using compiler version '192528614'; Build Type 'Release'
OS: 'Windows 10 Pro; OS build 19042.1348; Version 2009; 64bit' Language: 'en' Physical Memory: 32702 MB
BatchMode: 1, IsHumanControllingUs: 0, StartBugReporterOnCrash: 0, Is64bit: 1, IsPro: 0

 COMMAND LINE ARGUMENTS:
C:\Program Files\Unity\Hub\Editor\2020.3.11f1\Editor\Unity.exe
-adb2
-batchMode
-noUpm
-name
AssetImportWorker0
-projectPath
D:/Tien Duc/LickRunner/LickRunner
-logFile
Logs/AssetImportWorker0.log
-srvPort
63115
Successfully changed project path to: D:/Tien Duc/LickRunner/LickRunner
D:/Tien Duc/LickRunner/LickRunner
Using Asset Import Pipeline V2.
Refreshing native plugins compatible for Editor in 96.86 ms, found 4 plugins.
Preloading 0 native plugins for Editor in 0.00 ms.
Initialize engine version: 2020.3.11f1 (99c7afb366b3)
[Subsystems] Discovering subsystems at path C:/Program Files/Unity/Hub/Editor/2020.3.11f1/Editor/Data/Resources/UnitySubsystems
[Subsystems] Discovering subsystems at path D:/Tien Duc/LickRunner/LickRunner/Assets
GfxDevice: creating device client; threaded=0
Direct3D:
    Version:  Direct3D 11.0 [level 11.1]
    Renderer: NVIDIA GeForce GTX 1060 3GB (ID=0x1c02)
    Vendor:   
    VRAM:     2988 MB
    Driver:   30.0.14.9676
Initialize mono
Mono path[0] = 'C:/Program Files/Unity/Hub/Editor/2020.3.11f1/Editor/Data/Managed'
Mono path[1] = 'C:/Program Files/Unity/Hub/Editor/2020.3.11f1/Editor/Data/MonoBleedingEdge/lib/mono/unityjit'
Mono config path = 'C:/Program Files/Unity/Hub/Editor/2020.3.11f1/Editor/Data/MonoBleedingEdge/etc'
Using monoOptions --debugger-agent=transport=dt_socket,embedding=1,server=y,suspend=n,address=127.0.0.1:56656
Begin MonoManager ReloadAssembly
Registering precompiled unity dll's ...
Register platform support module: C:/Program Files/Unity/Hub/Editor/2020.3.11f1/Editor/Data/PlaybackEngines/WebGLSupport/UnityEditor.WebGL.Extensions.dll
Register platform support module: C:/Program Files/Unity/Hub/Editor/2020.3.11f1/Editor/Data/PlaybackEngines/WindowsStandaloneSupport/UnityEditor.WindowsStandalone.Extensions.dll
Registered in 0.001805 seconds.
Native extension for WindowsStandalone target not found
Native extension for WebGL target not found
Refreshing native plugins compatible for Editor in 91.51 ms, found 4 plugins.
Preloading 0 native plugins for Editor in 0.00 ms.
Mono: successfully reloaded assembly
- Completed reload, in  2.157 seconds
Platform modules already initialized, skipping
Registering precompiled user dll's ...
Registered in 0.004451 seconds.
Begin MonoManager ReloadAssembly
Native extension for WindowsStandalone target not found
Native extension for WebGL target not found
Refreshing native plugins compatible for Editor in 1.29 ms, found 4 plugins.
Preloading 0 native plugins for Editor in 0.00 ms.
Mono: successfully reloaded assembly
- Completed reload, in  1.056 seconds
Platform modules already initialized, skipping
========================================================================
Worker process is ready to serve import requests
Launched and connected shader compiler UnityShaderCompiler.exe after 0.03 seconds
Refreshing native plugins compatible for Editor in 1.25 ms, found 4 plugins.
Preloading 0 native plugins for Editor in 0.00 ms.
Unloading 3380 Unused Serialized files (Serialized files now loaded: 0)
System memory in use before: 159.0 MB.
System memory in use after: 159.2 MB.

Unloading 90 unused Assets to reduce memory usage. Loaded Objects now: 3792.
Total: 5.434900 ms (FindLiveObjects: 0.281100 ms CreateObjectMapping: 0.160600 ms MarkObjects: 4.774300 ms  DeleteObjects: 0.218100 ms)

========================================================================
Received Import Request.
  path: Assets/Character
  artifactKey: Guid(6a5d04d35da720f4ebd8f1979524894f) Importer(815301076,1909f56bfc062723c751e8b465ee728b)
Start importing Assets/Character using Guid(6a5d04d35da720f4ebd8f1979524894f) Importer(815301076,1909f56bfc062723c751e8b465ee728b)  -> (artifact id: '5e1b7776c91b0f225269556dd85f1254') in 0.008926 seconds
  Import took 0.013225 seconds .

========================================================================
Received Import Request.
  Time since last request: 39.603328 seconds.
  path: Assets/Texture/0.PNG
  artifactKey: Guid(c9edb264fa7926240b37bd7318f59d3b) Importer(815301076,1909f56bfc062723c751e8b465ee728b)
Start importing Assets/Texture/0.PNG using Guid(c9edb264fa7926240b37bd7318f59d3b) Importer(815301076,1909f56bfc062723c751e8b465ee728b)  -> (artifact id: 'f7783ea6811d702b4d2c86ddee5f3ded') in 0.070773 seconds
  Import took 0.075588 seconds .

========================================================================
Received Import Request.
  Time since last request: 0.401374 seconds.
  path: Assets/Texture/1.PNG
  artifactKey: Guid(8ad5b199912799346992c99df64185b2) Importer(815301076,1909f56bfc062723c751e8b465ee728b)
Start importing Assets/Texture/1.PNG using Guid(8ad5b199912799346992c99df64185b2) Importer(815301076,1909f56bfc062723c751e8b465ee728b)  -> (artifact id: '3030c9ec206d6ef24893664ad9b75103') in 0.010041 seconds
  Import took 0.014740 seconds .

========================================================================
Received Import Request.
  Time since last request: 0.002109 seconds.
  path: Assets/Texture/1.PNG
  artifactKey: Guid(8ad5b199912799346992c99df64185b2) Importer(815301076,1909f56bfc062723c751e8b465ee728b)
Start importing Assets/Texture/1.PNG using Guid(8ad5b199912799346992c99df64185b2) Importer(815301076,1909f56bfc062723c751e8b465ee728b)  -> (artifact id: '3030c9ec206d6ef24893664ad9b75103') in 0.006961 seconds
  Import took 0.011547 seconds .

========================================================================
Received Import Request.
  Time since last request: 3.342411 seconds.
  path: Assets/Texture/1.PNG
  artifactKey: Guid(8ad5b199912799346992c99df64185b2) Importer(815301076,1909f56bfc062723c751e8b465ee728b)
Start importing Assets/Texture/1.PNG using Guid(8ad5b199912799346992c99df64185b2) Importer(815301076,1909f56bfc062723c751e8b465ee728b)  -> (artifact id: '482b987bb9e21c00817bf45098b0d260') in 0.046442 seconds
  Import took 0.051017 seconds .

========================================================================
Received Prepare
Registering precompiled user dll's ...
Registered in 0.004826 seconds.
Begin MonoManager ReloadAssembly
Native extension for WindowsStandalone target not found
Native extension for WebGL target not found
Refreshing native plugins compatible for Editor in 1.58 ms, found 4 plugins.
Preloading 0 native plugins for Editor in 0.00 ms.
Mono: successfully reloaded assembly
- Completed reload, in  1.097 seconds
Platform modules already initialized, skipping
Refreshing native plugins compatible for Editor in 1.36 ms, found 4 plugins.
Preloading 0 native plugins for Editor in 0.00 ms.
Unloading 3325 Unused Serialized files (Serialized files now loaded: 0)
System memory in use before: 157.0 MB.
System memory in use after: 157.1 MB.

Unloading 81 unused Assets to reduce memory usage. Loaded Objects now: 3801.
Total: 5.988900 ms (FindLiveObjects: 0.336700 ms CreateObjectMapping: 0.210100 ms MarkObjects: 5.242300 ms  DeleteObjects: 0.198500 ms)

========================================================================
Received Prepare
Registering precompiled user dll's ...
Registered in 0.004400 seconds.
Begin MonoManager ReloadAssembly
Native extension for WindowsStandalone target not found
Native extension for WebGL target not found
Refreshing native plugins compatible for Editor in 1.42 ms, found 4 plugins.
Preloading 0 native plugins for Editor in 0.00 ms.
Mono: successfully reloaded assembly
- Completed reload, in  1.078 seconds
Platform modules already initialized, skipping
Refreshing native plugins compatible for Editor in 1.39 ms, found 4 plugins.
Preloading 0 native plugins for Editor in 0.00 ms.
Unloading 3325 Unused Serialized files (Serialized files now loaded: 0)
System memory in use before: 157.0 MB.
System memory in use after: 157.2 MB.

Unloading 81 unused Assets to reduce memory usage. Loaded Objects now: 3803.
Total: 5.599200 ms (FindLiveObjects: 0.351000 ms CreateObjectMapping: 0.218300 ms MarkObjects: 4.864300 ms  DeleteObjects: 0.163800 ms)

========================================================================
Received Prepare
Registering precompiled user dll's ...
Registered in 0.004482 seconds.
Begin MonoManager ReloadAssembly
Native extension for WindowsStandalone target not found
Native extension for WebGL target not found
Refreshing native plugins compatible for Editor in 1.31 ms, found 4 plugins.
Preloading 0 native plugins for Editor in 0.00 ms.
Mono: successfully reloaded assembly
- Completed reload, in  1.016 seconds
Platform modules already initialized, skipping
Refreshing native plugins compatible for Editor in 1.30 ms, found 4 plugins.
Preloading 0 native plugins for Editor in 0.00 ms.
Unloading 3325 Unused Serialized files (Serialized files now loaded: 0)
System memory in use before: 157.1 MB.
System memory in use after: 157.2 MB.

Unloading 81 unused Assets to reduce memory usage. Loaded Objects now: 3805.
Total: 5.757000 ms (FindLiveObjects: 0.294900 ms CreateObjectMapping: 0.156000 ms MarkObjects: 5.092300 ms  DeleteObjects: 0.212700 ms)

========================================================================
Received Prepare
Registering precompiled user dll's ...
Registered in 0.004476 seconds.
Begin MonoManager ReloadAssembly
Native extension for WindowsStandalone target not found
Native extension for WebGL target not found
Refreshing native plugins compatible for Editor in 1.30 ms, found 4 plugins.
Preloading 0 native plugins for Editor in 0.00 ms.
Mono: successfully reloaded assembly
- Completed reload, in  0.969 seconds
Platform modules already initialized, skipping
Refreshing native plugins compatible for Editor in 1.37 ms, found 4 plugins.
Preloading 0 native plugins for Editor in 0.00 ms.
Unloading 3325 Unused Serialized files (Serialized files now loaded: 0)
System memory in use before: 157.1 MB.
System memory in use after: 157.2 MB.

Unloading 81 unused Assets to reduce memory usage. Loaded Objects now: 3807.
Total: 5.144300 ms (FindLiveObjects: 0.293000 ms CreateObjectMapping: 0.163900 ms MarkObjects: 4.529700 ms  DeleteObjects: 0.156700 ms)

========================================================================
Received Prepare
Registering precompiled user dll's ...
Registered in 0.004480 seconds.
Begin MonoManager ReloadAssembly
Native extension for WindowsStandalone target not found
Native extension for WebGL target not found
Refreshing native plugins compatible for Editor in 1.36 ms, found 4 plugins.
Preloading 0 native plugins for Editor in 0.00 ms.
Mono: successfully reloaded assembly
- Completed reload, in  0.973 seconds
Platform modules already initialized, skipping
Refreshing native plugins compatible for Editor in 1.38 ms, found 4 plugins.
Preloading 0 native plugins for Editor in 0.00 ms.
Unloading 3325 Unused Serialized files (Serialized files now loaded: 0)
System memory in use before: 157.1 MB.
System memory in use after: 157.3 MB.

Unloading 81 unused Assets to reduce memory usage. Loaded Objects now: 3809.
Total: 5.407600 ms (FindLiveObjects: 0.291100 ms CreateObjectMapping: 0.169900 ms MarkObjects: 4.782800 ms  DeleteObjects: 0.162700 ms)

========================================================================
Received Prepare
Registering precompiled user dll's ...
Registered in 0.004723 seconds.
Begin MonoManager ReloadAssembly
Native extension for WindowsStandalone target not found
Native extension for WebGL target not found
Refreshing native plugins compatible for Editor in 1.31 ms, found 4 plugins.
Preloading 0 native plugins for Editor in 0.00 ms.
Mono: successfully reloaded assembly
- Completed reload, in  0.994 seconds
Platform modules already initialized, skipping
Refreshing native plugins compatible for Editor in 1.31 ms, found 4 plugins.
Preloading 0 native plugins for Editor in 0.00 ms.
Unloading 3325 Unused Serialized files (Serialized files now loaded: 0)
System memory in use before: 157.1 MB.
System memory in use after: 157.3 MB.

Unloading 81 unused Assets to reduce memory usage. Loaded Objects now: 3811.
Total: 5.656700 ms (FindLiveObjects: 0.272200 ms CreateObjectMapping: 0.165400 ms MarkObjects: 5.013600 ms  DeleteObjects: 0.204600 ms)

========================================================================
Received Prepare
Registering precompiled user dll's ...
Registered in 0.004716 seconds.
Begin MonoManager ReloadAssembly
Native extension for WindowsStandalone target not found
Native extension for WebGL target not found
Refreshing native plugins compatible for Editor in 1.31 ms, found 4 plugins.
Preloading 0 native plugins for Editor in 0.00 ms.
Mono: successfully reloaded assembly
- Completed reload, in  0.967 seconds
Platform modules already initialized, skipping
Refreshing native plugins compatible for Editor in 1.31 ms, found 4 plugins.
Preloading 0 native plugins for Editor in 0.00 ms.
Unloading 3325 Unused Serialized files (Serialized files now loaded: 0)
System memory in use before: 157.1 MB.
System memory in use after: 157.3 MB.

Unloading 81 unused Assets to reduce memory usage. Loaded Objects now: 3813.
Total: 5.296400 ms (FindLiveObjects: 0.292700 ms CreateObjectMapping: 0.168000 ms MarkObjects: 4.682500 ms  DeleteObjects: 0.152200 ms)

========================================================================
Received Prepare
Registering precompiled user dll's ...
Registered in 0.004581 seconds.
Begin MonoManager ReloadAssembly
Native extension for WindowsStandalone target not found
Native extension for WebGL target not found
Refreshing native plugins compatible for Editor in 1.28 ms, found 4 plugins.
Preloading 0 native plugins for Editor in 0.00 ms.
Mono: successfully reloaded assembly
- Completed reload, in  0.958 seconds
Platform modules already initialized, skipping
Refreshing native plugins compatible for Editor in 1.35 ms, found 4 plugins.
Preloading 0 native plugins for Editor in 0.00 ms.
Unloading 3325 Unused Serialized files (Serialized files now loaded: 0)
System memory in use before: 157.1 MB.
System memory in use after: 157.3 MB.

Unloading 81 unused Assets to reduce memory usage. Loaded Objects now: 3815.
Total: 5.515200 ms (FindLiveObjects: 0.287700 ms CreateObjectMapping: 0.166000 ms MarkObjects: 4.901100 ms  DeleteObjects: 0.159200 ms)

========================================================================
Received Import Request.
  Time since last request: 7166.980861 seconds.
  path: Assets/Scene/lev_1.unity
  artifactKey: Guid(2294348ed24022147bbf813a7d168ac4) Importer(815301076,1909f56bfc062723c751e8b465ee728b)
Start importing Assets/Scene/lev_1.unity using Guid(2294348ed24022147bbf813a7d168ac4) Importer(815301076,1909f56bfc062723c751e8b465ee728b)  -> (artifact id: 'd1197792456299168f2cce9552458734') in 0.173775 seconds
  Import took 0.178600 seconds .

========================================================================
Received Prepare
Registering precompiled user dll's ...
Registered in 0.004419 seconds.
Begin MonoManager ReloadAssembly
Native extension for WindowsStandalone target not found
Native extension for WebGL target not found
Refreshing native plugins compatible for Editor in 1.36 ms, found 4 plugins.
Preloading 0 native plugins for Editor in 0.00 ms.
Mono: successfully reloaded assembly
- Completed reload, in  0.975 seconds
Platform modules already initialized, skipping
Refreshing native plugins compatible for Editor in 1.31 ms, found 4 plugins.
Preloading 0 native plugins for Editor in 0.00 ms.
Unloading 3325 Unused Serialized files (Serialized files now loaded: 0)
System memory in use before: 157.2 MB.
System memory in use after: 157.3 MB.

Unloading 81 unused Assets to reduce memory usage. Loaded Objects now: 3817.
Total: 5.677300 ms (FindLiveObjects: 0.263400 ms CreateObjectMapping: 0.153900 ms MarkObjects: 5.081900 ms  DeleteObjects: 0.177300 ms)

========================================================================
Received Import Request.
  Time since last request: 3.603524 seconds.
  path: Assets/Scene/lev_1 1.unity
  artifactKey: Guid(65134937acc7e514c8587bcc0d7bfae4) Importer(815301076,1909f56bfc062723c751e8b465ee728b)
Start importing Assets/Scene/lev_1 1.unity using Guid(65134937acc7e514c8587bcc0d7bfae4) Importer(815301076,1909f56bfc062723c751e8b465ee728b)  -> (artifact id: '5aaa1c8a6321f645e2c9186634472e91') in 0.034672 seconds
  Import took 0.039457 seconds .

========================================================================
Received Import Request.
  Time since last request: 2.212544 seconds.
  path: Assets/Scene/lev_2.unity
  artifactKey: Guid(65134937acc7e514c8587bcc0d7bfae4) Importer(815301076,1909f56bfc062723c751e8b465ee728b)
Start importing Assets/Scene/lev_2.unity using Guid(65134937acc7e514c8587bcc0d7bfae4) Importer(815301076,1909f56bfc062723c751e8b465ee728b)  -> (artifact id: 'acde486bc4923823f44ee1dcea6732be') in 0.004533 seconds
  Import took 0.009194 seconds .

========================================================================
Received Import Request.
  Time since last request: 97.882337 seconds.
  path: Assets/Scene/lev_1.unity
  artifactKey: Guid(2294348ed24022147bbf813a7d168ac4) Importer(815301076,1909f56bfc062723c751e8b465ee728b)
Start importing Assets/Scene/lev_1.unity using Guid(2294348ed24022147bbf813a7d168ac4) Importer(815301076,1909f56bfc062723c751e8b465ee728b)  -> (artifact id: 'b467d0dfb4d19e3237ad4ff6be6704d6') in 0.001629 seconds
  Import took 0.006814 seconds .

========================================================================
Received Import Request.
  Time since last request: 4.631997 seconds.
  path: Assets/Scene/lev_2.unity
  artifactKey: Guid(65134937acc7e514c8587bcc0d7bfae4) Importer(815301076,1909f56bfc062723c751e8b465ee728b)
Start importing Assets/Scene/lev_2.unity using Guid(65134937acc7e514c8587bcc0d7bfae4) Importer(815301076,1909f56bfc062723c751e8b465ee728b)  -> (artifact id: 'fc6dc85f17e842a0d8160ee2c16bc634') in 0.001541 seconds
  Import took 0.006321 seconds .

AssetImportWorkerClient::OnTransportError - code=2 error=End of file
